TN:
SF:combat-system.js
FN:14,calculateDamage
FN:56,calculateComboDamage
FNF:2
FNH:2
FNDA:28,calculateDamage
FNDA:4,calculateComboDamage
DA:16,28
DA:17,3
DA:20,25
DA:21,1
DA:24,24
DA:25,1
DA:28,23
DA:29,2
DA:33,21
DA:36,21
DA:37,4
DA:41,21
DA:42,21
DA:43,4
DA:46,17
DA:57,4
DA:58,2
DA:61,2
DA:62,2
DA:63,4
DA:66,2
DA:69,1
LF:22
LH:22
BRDA:16,0,0,3
BRDA:16,0,1,25
BRDA:16,1,0,28
BRDA:16,1,1,27
BRDA:16,1,2,26
BRDA:20,2,0,1
BRDA:20,2,1,24
BRDA:24,3,0,1
BRDA:24,3,1,23
BRDA:28,4,0,2
BRDA:28,4,1,21
BRDA:28,5,0,23
BRDA:28,5,1,22
BRDA:36,6,0,4
BRDA:36,6,1,17
BRDA:42,7,0,4
BRDA:42,7,1,17
BRDA:57,8,0,2
BRDA:57,8,1,2
BRF:19
BRH:19
end_of_record
TN:
SF:gold-system.js
FN:10,deductGold
FNF:1
FNH:1
FNDA:18,deductGold
DA:12,18
DA:13,1
DA:17,17
DA:18,2
DA:20,15
DA:21,1
DA:25,14
DA:26,5
DA:30,9
DA:33,1
LF:10
LH:10
BRDA:12,0,0,1
BRDA:12,0,1,17
BRDA:12,1,0,18
BRDA:12,1,1,17
BRDA:17,2,0,2
BRDA:17,2,1,15
BRDA:20,3,0,1
BRDA:20,3,1,14
BRDA:25,4,0,5
BRDA:25,4,1,9
BRF:10
BRH:10
end_of_record
